c:\users\admin\onedrive\an 3\sem ii\ip\diblook-vs2013-lorena-lab2\diblook-vs2013\debug\diblook.bsc
c:\users\admin\onedrive\an 3\sem ii\ip\diblook-vs2013-lorena-lab2\diblook-vs2013\debug\diblook.pch
c:\users\admin\onedrive\an 3\sem ii\ip\diblook-vs2013-lorena-lab2\diblook-vs2013\debug\vc120.pdb
c:\users\admin\onedrive\an 3\sem ii\ip\diblook-vs2013-lorena-lab2\diblook-vs2013\debug\vc120.idb
c:\users\admin\onedrive\an 3\sem ii\ip\diblook-vs2013-lorena-lab2\diblook-vs2013\debug\stdafx.sbr
c:\users\admin\onedrive\an 3\sem ii\ip\diblook-vs2013-lorena-lab2\diblook-vs2013\debug\stdafx.obj
c:\users\admin\onedrive\an 3\sem ii\ip\diblook-vs2013-lorena-lab2\diblook-vs2013\debug\myfile.sbr
c:\users\admin\onedrive\an 3\sem ii\ip\diblook-vs2013-lorena-lab2\diblook-vs2013\debug\mainfrm.sbr
c:\users\admin\onedrive\an 3\sem ii\ip\diblook-vs2013-lorena-lab2\diblook-vs2013\debug\hrtimer.sbr
c:\users\admin\onedrive\an 3\sem ii\ip\diblook-vs2013-lorena-lab2\diblook-vs2013\debug\dibview.sbr
c:\users\admin\onedrive\an 3\sem ii\ip\diblook-vs2013-lorena-lab2\diblook-vs2013\debug\diblook.sbr
c:\users\admin\onedrive\an 3\sem ii\ip\diblook-vs2013-lorena-lab2\diblook-vs2013\debug\dibdoc.sbr
c:\users\admin\onedrive\an 3\sem ii\ip\diblook-vs2013-lorena-lab2\diblook-vs2013\debug\dibapi.sbr
c:\users\admin\onedrive\an 3\sem ii\ip\diblook-vs2013-lorena-lab2\diblook-vs2013\debug\bitmapinfodlg.sbr
c:\users\admin\onedrive\an 3\sem ii\ip\diblook-vs2013-lorena-lab2\diblook-vs2013\debug\bitmapinfodlg.obj
c:\users\admin\onedrive\an 3\sem ii\ip\diblook-vs2013-lorena-lab2\diblook-vs2013\debug\dibapi.obj
c:\users\admin\onedrive\an 3\sem ii\ip\diblook-vs2013-lorena-lab2\diblook-vs2013\debug\dibdoc.obj
c:\users\admin\onedrive\an 3\sem ii\ip\diblook-vs2013-lorena-lab2\diblook-vs2013\debug\diblook.obj
c:\users\admin\onedrive\an 3\sem ii\ip\diblook-vs2013-lorena-lab2\diblook-vs2013\debug\dibview.obj
c:\users\admin\onedrive\an 3\sem ii\ip\diblook-vs2013-lorena-lab2\diblook-vs2013\debug\hrtimer.obj
c:\users\admin\onedrive\an 3\sem ii\ip\diblook-vs2013-lorena-lab2\diblook-vs2013\debug\mainfrm.obj
c:\users\admin\onedrive\an 3\sem ii\ip\diblook-vs2013-lorena-lab2\diblook-vs2013\debug\myfile.obj
c:\users\admin\onedrive\an 3\sem ii\ip\diblook-vs2013-lorena-lab2\diblook-vs2013\debug\histogram.sbr
c:\users\admin\onedrive\an 3\sem ii\ip\diblook-vs2013-lorena-lab2\diblook-vs2013\debug\dlghistogram.sbr
c:\users\admin\onedrive\an 3\sem ii\ip\diblook-vs2013-lorena-lab2\diblook-vs2013\debug\dlghistogram.obj
c:\users\admin\onedrive\an 3\sem ii\ip\diblook-vs2013-lorena-lab2\diblook-vs2013\debug\histogram.obj
c:\users\admin\onedrive\an 3\sem ii\ip\diblook-vs2013-lorena-lab2\diblook-vs2013\debug\diblook.res
c:\users\admin\onedrive\an 3\sem ii\ip\diblook-vs2013-lorena-lab2\diblook-vs2013\debug\diblook.ilk
c:\users\admin\onedrive\an 3\sem ii\ip\diblook-vs2013-lorena-lab2\diblook-vs2013\debug\diblook.pdb
c:\users\admin\onedrive\an 3\sem ii\ip\diblook-vs2013-lorena-lab2\diblook-vs2013\.\debug\diblook.exe
c:\users\admin\onedrive\an 3\sem ii\ip\diblook-vs2013-lorena-lab2\diblook-vs2013\debug\diblook.tlog\bscmake.command.1.tlog
c:\users\admin\onedrive\an 3\sem ii\ip\diblook-vs2013-lorena-lab2\diblook-vs2013\debug\diblook.tlog\bscmake.read.1.tlog
c:\users\admin\onedrive\an 3\sem ii\ip\diblook-vs2013-lorena-lab2\diblook-vs2013\debug\diblook.tlog\bscmake.write.1.tlog
c:\users\admin\onedrive\an 3\sem ii\ip\diblook-vs2013-lorena-lab2\diblook-vs2013\debug\diblook.tlog\cl.command.1.tlog
c:\users\admin\onedrive\an 3\sem ii\ip\diblook-vs2013-lorena-lab2\diblook-vs2013\debug\diblook.tlog\cl.read.1.tlog
c:\users\admin\onedrive\an 3\sem ii\ip\diblook-vs2013-lorena-lab2\diblook-vs2013\debug\diblook.tlog\cl.write.1.tlog
c:\users\admin\onedrive\an 3\sem ii\ip\diblook-vs2013-lorena-lab2\diblook-vs2013\debug\diblook.tlog\link.command.1.tlog
c:\users\admin\onedrive\an 3\sem ii\ip\diblook-vs2013-lorena-lab2\diblook-vs2013\debug\diblook.tlog\link.read.1.tlog
c:\users\admin\onedrive\an 3\sem ii\ip\diblook-vs2013-lorena-lab2\diblook-vs2013\debug\diblook.tlog\link.write.1.tlog
c:\users\admin\onedrive\an 3\sem ii\ip\diblook-vs2013-lorena-lab2\diblook-vs2013\debug\diblook.tlog\rc.command.1.tlog
c:\users\admin\onedrive\an 3\sem ii\ip\diblook-vs2013-lorena-lab2\diblook-vs2013\debug\diblook.tlog\rc.read.1.tlog
c:\users\admin\onedrive\an 3\sem ii\ip\diblook-vs2013-lorena-lab2\diblook-vs2013\debug\diblook.tlog\rc.write.1.tlog
